<?xml version="1.0" encoding="utf-8"?><testsuites name="pytest tests"><testsuite name="pytest" errors="0" failures="0" skipped="0" tests="15" time="21.561" timestamp="2026-04-15T00:37:16.983854+00:00" hostname="agent-env-8268cbe9-31a9-44de-9487-b2e59b21de21"><testcase classname="tests.brain.test_phase5_comprehensive.TestPhase5_1_Forecasting" name="test_forecast_status_endpoint" time="13.013" /><testcase classname="tests.brain.test_phase5_comprehensive.TestPhase5_1_Forecasting" name="test_phase5_1_summary_endpoint" time="0.236" /><testcase classname="tests.brain.test_phase5_comprehensive.TestPhase5_1_Forecasting" name="test_swing_forecast_with_synthetic_data" time="2.359" /><testcase classname="tests.brain.test_phase5_comprehensive.TestPhase5_1_Forecasting" name="test_positional_forecast_with_synthetic_data" time="2.239" /><testcase classname="tests.brain.test_phase5_comprehensive.TestPhase5_2_GlobalCorrelation" name="test_phase5_2_summary_endpoint" time="0.113" /><testcase classname="tests.brain.test_phase5_comprehensive.TestPhase5_2_GlobalCorrelation" name="test_overnight_global_data" time="1.897" /><testcase classname="tests.brain.test_phase5_comprehensive.TestPhase5_2_GlobalCorrelation" name="test_global_correlations" time="0.161" /><testcase classname="tests.brain.test_phase5_comprehensive.TestPhase5_2_GlobalCorrelation" name="test_premarket_signals" time="0.198" /><testcase classname="tests.brain.test_phase5_comprehensive.TestPhase5_3_PortfolioOptimization" name="test_phase5_3_summary_endpoint" time="0.134" /><testcase classname="tests.brain.test_phase5_comprehensive.TestPhase5_3_PortfolioOptimization" name="test_optimize_combined_manual" time="0.113" /><testcase classname="tests.brain.test_phase5_comprehensive.TestPhase5_3_PortfolioOptimization" name="test_optimize_auto_endpoint" time="0.123" /><testcase classname="tests.brain.test_phase5_comprehensive.TestPhase5_6_ChartPatterns" name="test_phase5_6_summary_endpoint" time="0.119" /><testcase classname="tests.brain.test_phase5_comprehensive.TestPhase5_6_ChartPatterns" name="test_pattern_detection_with_synthetic_data" time="0.113" /><testcase classname="tests.brain.test_phase5_comprehensive.TestPhase5Integration" name="test_brain_health_includes_phase5" time="0.108" /><testcase classname="tests.brain.test_phase5_comprehensive.TestPhase5Integration" name="test_all_phase5_summaries_accessible" time="0.511" /></testsuite></testsuites>