<?xml version="1.0" encoding="utf-8"?><testsuites name="pytest tests"><testsuite name="pytest" errors="0" failures="0" skipped="0" tests="39" time="4.364" timestamp="2026-04-02T01:15:53.328040+00:00" hostname="agent-env-e9f186b4-9ef4-468e-8a06-45ab03aad004"><testcase classname="tests.test_brain_phase1_phase2.TestTask1SignalFusionWeights" name="test_signal_fusion_weights_in_config" time="0.005" /><testcase classname="tests.test_brain_phase1_phase2.TestTask1SignalFusionWeights" name="test_brain_config_from_env_loads_weights" time="0.000" /><testcase classname="tests.test_brain_phase1_phase2.TestTask1SignalFusionWeights" name="test_no_ml_model_property_in_weights" time="0.000" /><testcase classname="tests.test_brain_phase1_phase2.TestTask2SignalEventSwingFields" name="test_signal_event_has_swing_fields" time="0.005" /><testcase classname="tests.test_brain_phase1_phase2.TestTask2SignalEventSwingFields" name="test_signal_fusion_calculates_hold_days" time="0.001" /><testcase classname="tests.test_brain_phase1_phase2.TestTask2SignalEventSwingFields" name="test_signal_to_dict_includes_swing_fields" time="0.000" /><testcase classname="tests.test_brain_phase1_phase2.TestTask3IngestionPipeline" name="test_normalizer_class_exists" time="0.357" /><testcase classname="tests.test_brain_phase1_phase2.TestTask3IngestionPipeline" name="test_kafka_bridge_class_exists" time="0.002" /><testcase classname="tests.test_brain_phase1_phase2.TestTask3IngestionPipeline" name="test_brain_engine_has_ingestion_pipeline" time="0.001" /><testcase classname="tests.test_brain_phase1_phase2.TestTask3IngestionPipeline" name="test_ingestion_pipeline_in_startup_logs" time="3.007" /><testcase classname="tests.test_brain_phase1_phase2.TestTask4FeatureStoreAbstraction" name="test_feature_store_has_store_features" time="0.001" /><testcase classname="tests.test_brain_phase1_phase2.TestTask4FeatureStoreAbstraction" name="test_feature_store_has_get_features" time="0.000" /><testcase classname="tests.test_brain_phase1_phase2.TestTask4FeatureStoreAbstraction" name="test_engine_uses_feature_store_abstraction" time="0.001" /><testcase classname="tests.test_brain_phase1_phase2.TestTask4FeatureStoreAbstraction" name="test_engine_get_stored_features_uses_abstraction" time="0.000" /><testcase classname="tests.test_brain_phase1_phase2.TestTask5TFTArchitecture" name="test_tft_model_exists" time="0.001" /><testcase classname="tests.test_brain_phase1_phase2.TestTask5TFTArchitecture" name="test_variable_selection_network_exists" time="0.000" /><testcase classname="tests.test_brain_phase1_phase2.TestTask5TFTArchitecture" name="test_lstm_encoder_decoder_exists" time="0.000" /><testcase classname="tests.test_brain_phase1_phase2.TestTask5TFTArchitecture" name="test_interpretable_attention_exists" time="0.000" /><testcase classname="tests.test_brain_phase1_phase2.TestTask5TFTArchitecture" name="test_tft_has_quantile_regression" time="0.000" /><testcase classname="tests.test_brain_phase1_phase2.TestTask5TFTArchitecture" name="test_tft_has_train_predict_save_load" time="0.000" /><testcase classname="tests.test_brain_phase1_phase2.TestTask6EnsembleManager" name="test_ensemble_manager_exists" time="0.001" /><testcase classname="tests.test_brain_phase1_phase2.TestTask6EnsembleManager" name="test_ensemble_base_weights" time="0.000" /><testcase classname="tests.test_brain_phase1_phase2.TestTask6EnsembleManager" name="test_regime_aware_weight_adjustment" time="0.000" /><testcase classname="tests.test_brain_phase1_phase2.TestTask6EnsembleManager" name="test_ensemble_has_predict_method" time="0.000" /><testcase classname="tests.test_brain_phase1_phase2.TestTask7ONNXExport" name="test_xgboost_has_export_onnx" time="0.594" /><testcase classname="tests.test_brain_phase1_phase2.TestTask7ONNXExport" name="test_lightgbm_has_export_onnx" time="0.028" /><testcase classname="tests.test_brain_phase1_phase2.TestTask7ONNXExport" name="test_xgboost_get_info_shows_onnx_exportable" time="0.000" /><testcase classname="tests.test_brain_phase1_phase2.TestTask7ONNXExport" name="test_lightgbm_get_info_shows_onnx_exportable" time="0.000" /><testcase classname="tests.test_brain_phase1_phase2.TestTask8LLMSettingsCleanup" name="test_llm_settings_no_tier3_provider" time="0.000" /><testcase classname="tests.test_brain_phase1_phase2.TestTask8LLMSettingsCleanup" name="test_llm_settings_no_tier3_model" time="0.000" /><testcase classname="tests.test_brain_phase1_phase2.TestTask8LLMSettingsCleanup" name="test_llm_settings_has_tier1_and_tier2" time="0.000" /><testcase classname="tests.test_brain_phase1_phase2.TestTask9MetaLabeler" name="test_meta_labeler_exists" time="0.050" /><testcase classname="tests.test_brain_phase1_phase2.TestTask9MetaLabeler" name="test_meta_labeler_has_train" time="0.000" /><testcase classname="tests.test_brain_phase1_phase2.TestTask9MetaLabeler" name="test_meta_labeler_has_predict" time="0.000" /><testcase classname="tests.test_brain_phase1_phase2.TestTask9MetaLabeler" name="test_meta_labeler_has_save" time="0.000" /><testcase classname="tests.test_brain_phase1_phase2.TestTask9MetaLabeler" name="test_meta_labeler_has_load" time="0.000" /><testcase classname="tests.test_brain_phase1_phase2.TestTask9MetaLabeler" name="test_meta_labeler_get_info" time="0.000" /><testcase classname="tests.test_brain_phase1_phase2.TestBrainAPIIntegration" name="test_brain_health_endpoint" time="0.121" /><testcase classname="tests.test_brain_phase1_phase2.TestBrainAPIIntegration" name="test_brain_generate_signal_endpoint" time="0.120" /></testsuite></testsuites>